archive/wk7/Assignment7-Code/Assignment7-Code/Chat-App/app/build/intermediates/manifest_merge_blame_file/debug/manifest-merger-blame-debug-report.txt
1<?xml version="1.0" encoding="utf-8"?>
2<manifest xmlns:android="http://schemas.android.com/apk/res/android"
3    package="edu.stevens.cs522.chat"
4    android:versionCode="1"
5    android:versionName="1.0" >
6
7    <uses-sdk
8        android:minSdkVersion="24"
8-->src\main\AndroidManifest.xml
9        android:targetSdkVersion="29" />
9-->src\main\AndroidManifest.xml
10
11    <uses-permission android:name="android.permission.WRITE_EXTERNAL_STORAGE" />
11-->src\main\AndroidManifest.xml:5:5-81
11-->src\main\AndroidManifest.xml:5:22-78
12    <uses-permission android:name="android.permission.INTERNET" />
12-->src\main\AndroidManifest.xml:6:5-67
12-->src\main\AndroidManifest.xml:6:22-64
13    <uses-permission android:name="android.permission.ACCESS_NETWORK_STATE" />
13-->src\main\AndroidManifest.xml:7:5-79
13-->src\main\AndroidManifest.xml:7:22-76
14    <uses-permission android:name="android.permission.WAKE_LOCK" />
14-->src\main\AndroidManifest.xml:8:5-68
14-->src\main\AndroidManifest.xml:8:22-65
15
16    <application
16-->src\main\AndroidManifest.xml:10:5-45:19
17        android:allowBackup="true"
17-->src\main\AndroidManifest.xml:12:9-35
18        android:appComponentFactory="androidx.core.app.CoreComponentFactory"
18-->[androidx.core:core:1.1.0] AndroidManifest.xml:24:18-86
19        android:debuggable="true"
20        android:icon="@mipmap/ic_launcher"
20-->src\main\AndroidManifest.xml:13:9-43
21        android:label="@string/app_name"
21-->src\main\AndroidManifest.xml:14:9-41
22        android:roundIcon="@mipmap/ic_launcher_round"
22-->[:cs522-library] AndroidManifest.xml:15:9-54
23        android:supportsRtl="true"
23-->src\main\AndroidManifest.xml:15:9-35
24        android:testOnly="true"
25        android:theme="@style/AppTheme"
25-->src\main\AndroidManifest.xml:16:9-40
26        android:usesCleartextTraffic="true" >
26-->src\main\AndroidManifest.xml:11:9-44
27        <activity android:name="edu.stevens.cs522.chat.activities.ChatActivity" >
27-->src\main\AndroidManifest.xml:17:9-23:20
27-->src\main\AndroidManifest.xml:17:19-58
28            <intent-filter>
28-->src\main\AndroidManifest.xml:18:13-22:29
29                <action android:name="android.intent.action.MAIN" />
29-->src\main\AndroidManifest.xml:19:17-69
29-->src\main\AndroidManifest.xml:19:25-66
30
31                <category android:name="android.intent.category.LAUNCHER" />
31-->src\main\AndroidManifest.xml:21:17-77
31-->src\main\AndroidManifest.xml:21:27-74
32            </intent-filter>
33        </activity>
34        <activity
34-->src\main\AndroidManifest.xml:24:9-26:65
35            android:name="edu.stevens.cs522.chat.activities.ViewPeersActivity"
35-->src\main\AndroidManifest.xml:25:13-57
36            android:label="@string/title_activity_view_peers" />
36-->src\main\AndroidManifest.xml:26:13-62
37        <activity
37-->src\main\AndroidManifest.xml:27:9-29:64
38            android:name="edu.stevens.cs522.chat.activities.ViewPeerActivity"
38-->src\main\AndroidManifest.xml:28:13-56
39            android:label="@string/title_activity_view_peer" />
39-->src\main\AndroidManifest.xml:29:13-61
40        <activity
40-->src\main\AndroidManifest.xml:30:9-33:63
41            android:name="edu.stevens.cs522.chat.activities.SettingsActivity"
41-->src\main\AndroidManifest.xml:31:13-56
42            android:label="@string/title_activity_settings"
42-->src\main\AndroidManifest.xml:33:13-60
43            android:theme="@style/Theme.AppCompat.Light.DarkActionBar" />
43-->src\main\AndroidManifest.xml:32:13-71
44        <activity
44-->src\main\AndroidManifest.xml:34:9-36:63
45            android:name="edu.stevens.cs522.chat.activities.RegisterActivity"
45-->src\main\AndroidManifest.xml:35:13-56
46            android:label="@string/title_activity_register" />
46-->src\main\AndroidManifest.xml:36:13-60
47
48        <provider
48-->src\main\AndroidManifest.xml:38:9-40:53
49            android:name="edu.stevens.cs522.chat.providers.ChatProvider"
49-->src\main\AndroidManifest.xml:40:13-51
50            android:authorities="edu.stevens.cs522.chat" />
50-->src\main\AndroidManifest.xml:39:13-57
51
52        <service
52-->src\main\AndroidManifest.xml:42:9-44:48
53            android:name="edu.stevens.cs522.chat.rest.RequestService"
53-->src\main\AndroidManifest.xml:43:13-48
54            android:exported="false" />
54-->src\main\AndroidManifest.xml:44:13-37
55    </application>
56
57</manifest>